<?xml version="1.0" encoding="utf-8"?><testsuites><testsuite errors="0" failures="0" hostname="smburns-XPS-13-9370" name="pytest" skipped="0" tests="6" time="55.901" timestamp="2019-12-11T16:48:04.532613"><testcase classname="tests.test_inout_channels" file="tests/test_inout_channels.py" line="4" name="test_A[params0]" time="3.844"></testcase><testcase classname="tests.test_inout_channels" file="tests/test_inout_channels.py" line="4" name="test_A[params1]" time="29.910"></testcase><testcase classname="tests.test_no_channels" file="tests/test_no_channels.py" line="4" name="test_A[params0]" time="0.208"></testcase><testcase classname="tests.test_no_channels" file="tests/test_no_channels.py" line="4" name="test_A[params1]" time="3.856"></testcase><testcase classname="tests.test_out_channels" file="tests/test_out_channels.py" line="4" name="test_A[params0]" time="0.921"></testcase><testcase classname="tests.test_out_channels" file="tests/test_out_channels.py" line="4" name="test_A[params1]" time="16.942"></testcase></testsuite></testsuites>